2025/03/22 23:21:00 Successfully loaded TOML file: toml/config.toml
2025/03/22 23:21:00 Database connection established successfully
2025/03/22 23:21:00 Server is running on port 1803
2025/03/22 23:21:01  - () - (INFO) - [AuthMiddleware start]
2025/03/22 23:21:01 43c662bdf54a4d679a3c6724924424fd - () - (CreateTask started) - []
2025/03/22 23:21:01 43c662bdf54a4d679a3c6724924424fd - () - (CreateTask end) - []
2025/03/22 23:21:01  - () - (INFO) - [AuthMiddleware end]
2025/03/22 23:21:07  - () - (INFO) - [AuthMiddleware start]
2025/03/22 23:21:07 ca7b3abde5e84d5f8e1fe663189703b9 - () - (CreateTask started) - []
2025/03/22 23:21:07 ca7b3abde5e84d5f8e1fe663189703b9 - () - (CreateTask end) - []
2025/03/22 23:21:07  - () - (INFO) - [AuthMiddleware end]
2025/03/22 23:24:29  - () - (INFO) - [AuthMiddleware start]
2025/03/22 23:24:29 c57e1d67782242f29e3c419171f2091c - () - (CreateTask started) - []
2025/03/22 23:24:29 c57e1d67782242f29e3c419171f2091c - () - (CreateTask end) - []
2025/03/22 23:24:29  - () - (INFO) - [AuthMiddleware end]
2025/03/22 23:24:38  - () - (INFO) - [AuthMiddleware start]
2025/03/22 23:24:38 2fa0385186b648b6978e5bcdad75618f - () - (CreateTask started) - []
2025/03/22 23:24:38 2fa0385186b648b6978e5bcdad75618f - () - (ERROR) - [CT002 Key: 'CreateTaskRequest.Status' Error:Field validation for 'Status' failed on the 'oneof' tag]
2025/03/22 23:24:38  - () - (INFO) - [AuthMiddleware end]
2025/03/22 23:24:46  - () - (INFO) - [AuthMiddleware start]
2025/03/22 23:24:46 b9be979da24d437b8ebb1aa2c00f9537 - () - (CreateTask started) - []
2025/03/22 23:24:46 b9be979da24d437b8ebb1aa2c00f9537 - () - (CreateTask end) - []
2025/03/22 23:24:46  - () - (INFO) - [AuthMiddleware end]
2025/03/22 23:25:43  - () - (INFO) - [AuthMiddleware start]
2025/03/22 23:25:43 f6fc73b9a0c34d7dbf4c4f8f1581dd68 - () - (CreateTask started) - []
2025/03/22 23:25:43 f6fc73b9a0c34d7dbf4c4f8f1581dd68 - () - (CreateTask end) - []
2025/03/22 23:25:43  - () - (INFO) - [AuthMiddleware end]
2025/03/22 23:26:08  - () - (INFO) - [AuthMiddleware start]
2025/03/22 23:26:08 c4bf9e0b44ff49299add9c13f39d8bf5 - () - (GetAllTask started...) - []
2025/03/22 23:26:08 c4bf9e0b44ff49299add9c13f39d8bf5 - () - (INFO) - [TaskFilter Details {1 5 Pending 2025-02-20  due_date asc}]
2025/03/22 23:26:08 c4bf9e0b44ff49299add9c13f39d8bf5 - () - (INFO) - [GetTasksWithFilter +]
2025/03/22 23:26:08 c4bf9e0b44ff49299add9c13f39d8bf5 - () - (INFO) - [GetTasksWithFilter -]
2025/03/22 23:26:08 c4bf9e0b44ff49299add9c13f39d8bf5 - () - (GetAllTask end...) - []
2025/03/22 23:26:08  - () - (INFO) - [AuthMiddleware end]
2025/03/22 23:26:42  - () - (INFO) - [AuthMiddleware start]
2025/03/22 23:26:42 6bb9ac75fea540718ab48c2c6ac6b04d - () - (GetAllTask started...) - []
2025/03/22 23:26:42 6bb9ac75fea540718ab48c2c6ac6b04d - () - (INFO) - [TaskFilter Details {1 5 In Progress 2025-02-20  due_date asc}]
2025/03/22 23:26:42 6bb9ac75fea540718ab48c2c6ac6b04d - () - (INFO) - [GetTasksWithFilter +]
2025/03/22 23:26:42 6bb9ac75fea540718ab48c2c6ac6b04d - () - (INFO) - [GetTasksWithFilter -]
2025/03/22 23:26:42 6bb9ac75fea540718ab48c2c6ac6b04d - () - (GetAllTask end...) - []
2025/03/22 23:26:42  - () - (INFO) - [AuthMiddleware end]
2025/03/22 23:29:02  - () - (INFO) - [AuthMiddleware start]
2025/03/22 23:29:02  - () - (INFO) - [AuthMiddleware end]
