2025/03/22 23:40:07 Successfully loaded TOML file: toml/config.toml
2025/03/22 23:40:07 Database connection established successfully
2025/03/22 23:40:07 Server is running on port 1803
2025/03/22 23:40:30  - () - (INFO) - [AuthMiddleware start]
2025/03/22 23:40:30  - () - (INFO) - [AuthMiddleware end]
2025/03/22 23:40:39  - () - (INFO) - [AuthMiddleware start]
2025/03/22 23:40:39 8ade7b05a26b4123b681cc0bd08d62fc - () - (CreateTask started) - []
2025/03/22 23:40:39 8ade7b05a26b4123b681cc0bd08d62fc - () - (CreateTask end) - []
2025/03/22 23:40:39  - () - (INFO) - [AuthMiddleware end]
2025/03/22 23:40:40  - () - (INFO) - [AuthMiddleware start]
2025/03/22 23:40:40 d704f15af6634637a0a352a1865fae95 - () - (CreateTask started) - []
2025/03/22 23:40:40 d704f15af6634637a0a352a1865fae95 - () - (CreateTask end) - []
2025/03/22 23:40:40  - () - (INFO) - [AuthMiddleware end]
2025/03/22 23:40:40  - () - (INFO) - [AuthMiddleware start]
2025/03/22 23:40:40 c8a40385cc264c0382786a9de23dbd74 - () - (CreateTask started) - []
2025/03/22 23:40:40 c8a40385cc264c0382786a9de23dbd74 - () - (CreateTask end) - []
2025/03/22 23:40:40  - () - (INFO) - [AuthMiddleware end]
2025/03/22 23:40:41  - () - (INFO) - [AuthMiddleware start]
2025/03/22 23:40:41 f3f98aa6d5a641728bf3495c51163bd9 - () - (CreateTask started) - []
2025/03/22 23:40:41 f3f98aa6d5a641728bf3495c51163bd9 - () - (CreateTask end) - []
2025/03/22 23:40:41  - () - (INFO) - [AuthMiddleware end]
2025/03/22 23:41:02  - () - (INFO) - [AuthMiddleware start]
2025/03/22 23:41:02 6b1b043c12db42ea89cbf55efdca848c - () - (CreateTask started) - []
2025/03/22 23:41:02 6b1b043c12db42ea89cbf55efdca848c - () - (ERROR) - [CT002 Key: 'CreateTaskRequest.Status' Error:Field validation for 'Status' failed on the 'required' tag]
2025/03/22 23:41:02  - () - (INFO) - [AuthMiddleware end]
